nohup: ignoring input
/home/michaelbezick/.conda/envs/AdvIL_from_videos/lib/python3.9/site-packages/torch/utils/tensorboard/__init__.py:4: DeprecationWarning: distutils Version classes are deprecated. Use packaging.version instead.
  if not hasattr(tensorboard, "__version__") or LooseVersion(
/home/michaelbezick/.conda/envs/AdvIL_from_videos/lib/python3.9/site-packages/torch/utils/tensorboard/__init__.py:6: DeprecationWarning: distutils Version classes are deprecated. Use packaging.version instead.
  ) < LooseVersion("1.15"):
workspace: /home/michaelbezick/Repos/AIL_from_visual_obs/experiments/exp_lail/2025.01.07/0931_GAN_loss=bce,agent=lail,from_dem=false,seed=0,task=walker_walk
/home/michaelbezick/.conda/envs/AdvIL_from_videos/lib/python3.9/site-packages/torchvision/models/_utils.py:208: UserWarning: The parameter 'pretrained' is deprecated since 0.13 and will be removed in 0.15, please use 'weights' instead.
  warnings.warn(
/home/michaelbezick/.conda/envs/AdvIL_from_videos/lib/python3.9/site-packages/torchvision/models/_utils.py:223: UserWarning: Arguments other than a weight enum or `None` for 'weights' are deprecated since 0.13 and will be removed in 0.15. The current behavior is equivalent to passing `weights=Raft_Small_Weights.C_T_V2`. You can also use `weights=Raft_Small_Weights.DEFAULT` to get the most up-to-date weights.
  warnings.warn(msg)
Using new encoder
loading expert target: /home/michaelbezick/Repos/AIL_from_visual_obs/expert_policies/snapshot_walker_walk_frame_skip_1.pt
episode_number: 0
episode_number: 1
episode_number: 2
episode_number: 3
episode_number: 4
episode_number: 5
episode_number: 6
episode_number: 7
episode_number: 8
episode_number: 9
episode_number: 10
episode_number: 11
episode_number: 12
episode_number: 13
episode_number: 14
episode_number: 15
episode_number: 16
episode_number: 17
episode_number: 18
episode_number: 19
episode_number: 20
episode_number: 21
episode_number: 22
episode_number: 23
episode_number: 24
episode_number: 25
episode_number: 26
episode_number: 27
episode_number: 28
episode_number: 29
episode_number: 30
episode_number: 31
episode_number: 32
episode_number: 33
episode_number: 34
episode_number: 35
episode_number: 36
episode_number: 37
episode_number: 38
episode_number: 39
episode_number: 40
episode_number: 41
episode_number: 42
episode_number: 43
episode_number: 44
episode_number: 45
episode_number: 46
episode_number: 47
episode_number: 48
episode_number: 49
episode_number: 50
episode_number: 51
episode_number: 52
episode_number: 53
episode_number: 54
episode_number: 55
episode_number: 56
episode_number: 57
episode_number: 58
episode_number: 59
episode_number: 60
episode_number: 61
episode_number: 62
episode_number: 63
episode_number: 64
episode_number: 65
episode_number: 66
episode_number: 67
episode_number: 68
episode_number: 69
episode_number: 70
episode_number: 71
episode_number: 72
episode_number: 73
episode_number: 74
episode_number: 75
episode_number: 76
episode_number: 77
episode_number: 78
episode_number: 79
episode_number: 80
episode_number: 81
episode_number: 82
episode_number: 83
episode_number: 84
episode_number: 85
episode_number: 86
episode_number: 87
episode_number: 88
episode_number: 89
episode_number: 90
episode_number: 91
episode_number: 92
episode_number: 93
episode_number: 94
episode_number: 95
episode_number: 96
episode_number: 97
episode_number: 98
episode_number: 99
Average expert reward: 956.810999016739, Total number of samples: 100000
| [32meval[0m  | F: 0 | S: 0 | E: 0 | L: 1000 | R: 18.8286 | T: 0:04:26
| [33mtrain[0m | F: 5000 | S: 5000 | E: 5 | L: 1000 | R: 34.0073 | BS: 5015 | FPS: 0.7112 | T: 0:23:26
| [33mtrain[0m | F: 6000 | S: 6000 | E: 6 | L: 1000 | R: 12.9375 | BS: 6018 | FPS: 1.2200 | T: 0:37:05
| [33mtrain[0m | F: 7000 | S: 7000 | E: 7 | L: 1000 | R: 12.6959 | BS: 7021 | FPS: 1.2209 | T: 0:50:44
| [33mtrain[0m | F: 8000 | S: 8000 | E: 8 | L: 1000 | R: 75.1751 | BS: 8024 | FPS: 1.2209 | T: 1:04:23
| [33mtrain[0m | F: 9000 | S: 9000 | E: 9 | L: 1000 | R: 12.3790 | BS: 9027 | FPS: 1.2206 | T: 1:18:03
| [33mtrain[0m | F: 10000 | S: 10000 | E: 10 | L: 1000 | R: 26.7264 | BS: 10030 | FPS: 1.2208 | T: 1:31:42
| [32meval[0m  | F: 10000 | S: 10000 | E: 10 | L: 1000 | R: 23.6351 | T: 1:31:42
| [33mtrain[0m | F: 11000 | S: 11000 | E: 11 | L: 1000 | R: 28.7723 | BS: 11033 | FPS: 0.9448 | T: 1:49:20
| [33mtrain[0m | F: 12000 | S: 12000 | E: 12 | L: 1000 | R: 26.4964 | BS: 12036 | FPS: 1.2214 | T: 2:02:59
| [33mtrain[0m | F: 13000 | S: 13000 | E: 13 | L: 1000 | R: 68.9164 | BS: 13039 | FPS: 1.2201 | T: 2:16:38
| [33mtrain[0m | F: 14000 | S: 14000 | E: 14 | L: 1000 | R: 10.4770 | BS: 14042 | FPS: 1.2205 | T: 2:30:18
| [33mtrain[0m | F: 15000 | S: 15000 | E: 15 | L: 1000 | R: 10.6618 | BS: 15045 | FPS: 1.2203 | T: 2:43:57
| [33mtrain[0m | F: 16000 | S: 16000 | E: 16 | L: 1000 | R: 71.5491 | BS: 16048 | FPS: 1.2200 | T: 2:57:37
| [33mtrain[0m | F: 17000 | S: 17000 | E: 17 | L: 1000 | R: 17.0150 | BS: 17051 | FPS: 1.2205 | T: 3:11:16
| [33mtrain[0m | F: 18000 | S: 18000 | E: 18 | L: 1000 | R: 11.2200 | BS: 18054 | FPS: 1.2214 | T: 3:24:55
| [33mtrain[0m | F: 19000 | S: 19000 | E: 19 | L: 1000 | R: 28.9608 | BS: 19057 | FPS: 1.2209 | T: 3:38:34
| [33mtrain[0m | F: 20000 | S: 20000 | E: 20 | L: 1000 | R: 26.2006 | BS: 20060 | FPS: 1.2203 | T: 3:52:13
| [32meval[0m  | F: 20000 | S: 20000 | E: 20 | L: 1000 | R: 19.2667 | T: 3:52:13
| [33mtrain[0m | F: 21000 | S: 21000 | E: 21 | L: 1000 | R: 11.5504 | BS: 21063 | FPS: 0.9444 | T: 4:09:52
| [33mtrain[0m | F: 22000 | S: 22000 | E: 22 | L: 1000 | R: 11.4463 | BS: 22066 | FPS: 1.2223 | T: 4:23:31
| [33mtrain[0m | F: 23000 | S: 23000 | E: 23 | L: 1000 | R: 26.0319 | BS: 23069 | FPS: 1.2225 | T: 4:37:09
| [33mtrain[0m | F: 24000 | S: 24000 | E: 24 | L: 1000 | R: 63.6513 | BS: 24072 | FPS: 1.2221 | T: 4:50:47
| [33mtrain[0m | F: 25000 | S: 25000 | E: 25 | L: 1000 | R: 11.4084 | BS: 25075 | FPS: 1.2223 | T: 5:04:25
| [33mtrain[0m | F: 26000 | S: 26000 | E: 26 | L: 1000 | R: 26.0699 | BS: 26078 | FPS: 1.2226 | T: 5:18:03
| [33mtrain[0m | F: 27000 | S: 27000 | E: 27 | L: 1000 | R: 17.3450 | BS: 27081 | FPS: 1.2231 | T: 5:31:40
| [33mtrain[0m | F: 28000 | S: 28000 | E: 28 | L: 1000 | R: 25.9342 | BS: 28084 | FPS: 1.2237 | T: 5:45:18
| [33mtrain[0m | F: 29000 | S: 29000 | E: 29 | L: 1000 | R: 25.9532 | BS: 29087 | FPS: 1.2228 | T: 5:58:56
| [33mtrain[0m | F: 30000 | S: 30000 | E: 30 | L: 1000 | R: 25.0125 | BS: 30090 | FPS: 1.2225 | T: 6:12:34
| [32meval[0m  | F: 30000 | S: 30000 | E: 30 | L: 1000 | R: 31.1418 | T: 6:12:34
| [33mtrain[0m | F: 31000 | S: 31000 | E: 31 | L: 1000 | R: 26.5885 | BS: 31093 | FPS: 0.9453 | T: 6:30:11
| [33mtrain[0m | F: 32000 | S: 32000 | E: 32 | L: 1000 | R: 66.6868 | BS: 32096 | FPS: 1.2226 | T: 6:43:49
| [33mtrain[0m | F: 33000 | S: 33000 | E: 33 | L: 1000 | R: 67.3211 | BS: 33099 | FPS: 1.2223 | T: 6:57:27
| [33mtrain[0m | F: 34000 | S: 34000 | E: 34 | L: 1000 | R: 25.6543 | BS: 34102 | FPS: 1.2224 | T: 7:11:05
| [33mtrain[0m | F: 35000 | S: 35000 | E: 35 | L: 1000 | R: 65.3976 | BS: 35105 | FPS: 1.2228 | T: 7:24:43
| [33mtrain[0m | F: 36000 | S: 36000 | E: 36 | L: 1000 | R: 60.6516 | BS: 36108 | FPS: 1.2229 | T: 7:38:21
| [33mtrain[0m | F: 37000 | S: 37000 | E: 37 | L: 1000 | R: 8.1713 | BS: 37111 | FPS: 1.2221 | T: 7:51:59
| [33mtrain[0m | F: 38000 | S: 38000 | E: 38 | L: 1000 | R: 24.5124 | BS: 38114 | FPS: 1.2221 | T: 8:05:37
| [33mtrain[0m | F: 39000 | S: 39000 | E: 39 | L: 1000 | R: 24.1949 | BS: 39117 | FPS: 1.2224 | T: 8:19:16
| [33mtrain[0m | F: 40000 | S: 40000 | E: 40 | L: 1000 | R: 10.4140 | BS: 40120 | FPS: 1.2217 | T: 8:32:54
| [32meval[0m  | F: 40000 | S: 40000 | E: 40 | L: 1000 | R: 38.4213 | T: 8:32:54
| [33mtrain[0m | F: 41000 | S: 41000 | E: 41 | L: 1000 | R: 25.0965 | BS: 41123 | FPS: 0.9442 | T: 8:50:33
| [33mtrain[0m | F: 42000 | S: 42000 | E: 42 | L: 1000 | R: 7.3947 | BS: 42126 | FPS: 1.2214 | T: 9:04:12
| [33mtrain[0m | F: 43000 | S: 43000 | E: 43 | L: 1000 | R: 63.9453 | BS: 43129 | FPS: 1.2215 | T: 9:17:51
| [33mtrain[0m | F: 44000 | S: 44000 | E: 44 | L: 1000 | R: 4.2991 | BS: 44132 | FPS: 1.2215 | T: 9:31:29
| [33mtrain[0m | F: 45000 | S: 45000 | E: 45 | L: 1000 | R: 4.6822 | BS: 45135 | FPS: 1.2215 | T: 9:45:08
| [33mtrain[0m | F: 46000 | S: 46000 | E: 46 | L: 1000 | R: 24.4797 | BS: 46138 | FPS: 1.2219 | T: 9:58:46
| [33mtrain[0m | F: 47000 | S: 47000 | E: 47 | L: 1000 | R: 26.7521 | BS: 47141 | FPS: 1.2216 | T: 10:12:25
| [33mtrain[0m | F: 48000 | S: 48000 | E: 48 | L: 1000 | R: 62.4069 | BS: 48144 | FPS: 1.2226 | T: 10:26:03
| [33mtrain[0m | F: 49000 | S: 49000 | E: 49 | L: 1000 | R: 64.0598 | BS: 49147 | FPS: 1.2223 | T: 10:39:41
| [33mtrain[0m | F: 50000 | S: 50000 | E: 50 | L: 1000 | R: 23.5850 | BS: 50150 | FPS: 1.2220 | T: 10:53:19
| [32meval[0m  | F: 50000 | S: 50000 | E: 50 | L: 1000 | R: 43.6752 | T: 10:53:19
| [33mtrain[0m | F: 51000 | S: 51000 | E: 51 | L: 1000 | R: 5.8385 | BS: 51153 | FPS: 0.9444 | T: 11:10:58
| [33mtrain[0m | F: 52000 | S: 52000 | E: 52 | L: 1000 | R: 64.4960 | BS: 52156 | FPS: 1.2226 | T: 11:24:36
| [33mtrain[0m | F: 53000 | S: 53000 | E: 53 | L: 1000 | R: 10.0640 | BS: 53159 | FPS: 1.2221 | T: 11:38:14
| [33mtrain[0m | F: 54000 | S: 54000 | E: 54 | L: 1000 | R: 57.8457 | BS: 54162 | FPS: 1.2229 | T: 11:51:52
| [33mtrain[0m | F: 55000 | S: 55000 | E: 55 | L: 1000 | R: 60.8272 | BS: 55165 | FPS: 1.2226 | T: 12:05:30
| [33mtrain[0m | F: 56000 | S: 56000 | E: 56 | L: 1000 | R: 9.6081 | BS: 56168 | FPS: 1.2217 | T: 12:19:08
| [33mtrain[0m | F: 57000 | S: 57000 | E: 57 | L: 1000 | R: 62.1326 | BS: 57171 | FPS: 1.2220 | T: 12:32:47
| [33mtrain[0m | F: 58000 | S: 58000 | E: 58 | L: 1000 | R: 64.3193 | BS: 58174 | FPS: 1.2230 | T: 12:46:24
| [33mtrain[0m | F: 59000 | S: 59000 | E: 59 | L: 1000 | R: 58.3071 | BS: 59177 | FPS: 1.2224 | T: 13:00:03
| [33mtrain[0m | F: 60000 | S: 60000 | E: 60 | L: 1000 | R: 58.4918 | BS: 60180 | FPS: 1.2215 | T: 13:13:41
| [32meval[0m  | F: 60000 | S: 60000 | E: 60 | L: 1000 | R: 32.2344 | T: 13:13:41
| [33mtrain[0m | F: 61000 | S: 61000 | E: 61 | L: 1000 | R: 3.9542 | BS: 61183 | FPS: 0.9437 | T: 13:31:21
| [33mtrain[0m | F: 62000 | S: 62000 | E: 62 | L: 1000 | R: 64.1378 | BS: 62186 | FPS: 1.2198 | T: 13:45:01
| [33mtrain[0m | F: 63000 | S: 63000 | E: 63 | L: 1000 | R: 58.7032 | BS: 63189 | FPS: 1.2198 | T: 13:58:40
| [33mtrain[0m | F: 64000 | S: 64000 | E: 64 | L: 1000 | R: 3.7881 | BS: 64192 | FPS: 1.2189 | T: 14:12:21
| [33mtrain[0m | F: 65000 | S: 65000 | E: 65 | L: 1000 | R: 23.8701 | BS: 65195 | FPS: 1.2189 | T: 14:26:01
| [33mtrain[0m | F: 66000 | S: 66000 | E: 66 | L: 1000 | R: 23.5078 | BS: 66198 | FPS: 1.2187 | T: 14:39:42
| [33mtrain[0m | F: 67000 | S: 67000 | E: 67 | L: 1000 | R: 59.4077 | BS: 67201 | FPS: 1.2194 | T: 14:53:22
| [33mtrain[0m | F: 68000 | S: 68000 | E: 68 | L: 1000 | R: 22.6934 | BS: 68204 | FPS: 1.2192 | T: 15:07:02
| [33mtrain[0m | F: 69000 | S: 69000 | E: 69 | L: 1000 | R: 4.0533 | BS: 69207 | FPS: 1.2188 | T: 15:20:43
| [33mtrain[0m | F: 70000 | S: 70000 | E: 70 | L: 1000 | R: 23.2779 | BS: 70210 | FPS: 1.2193 | T: 15:34:23
| [32meval[0m  | F: 70000 | S: 70000 | E: 70 | L: 1000 | R: 30.7906 | T: 15:34:23
| [33mtrain[0m | F: 71000 | S: 71000 | E: 71 | L: 1000 | R: 24.7226 | BS: 71213 | FPS: 0.9440 | T: 15:52:02
| [33mtrain[0m | F: 72000 | S: 72000 | E: 72 | L: 1000 | R: 57.1206 | BS: 72216 | FPS: 1.2205 | T: 16:05:41
| [33mtrain[0m | F: 73000 | S: 73000 | E: 73 | L: 1000 | R: 23.6766 | BS: 73219 | FPS: 1.2204 | T: 16:19:21
| [33mtrain[0m | F: 74000 | S: 74000 | E: 74 | L: 1000 | R: 63.2279 | BS: 74222 | FPS: 1.2201 | T: 16:33:00
| [33mtrain[0m | F: 75000 | S: 75000 | E: 75 | L: 1000 | R: 3.8242 | BS: 75225 | FPS: 1.2193 | T: 16:46:41
| [33mtrain[0m | F: 76000 | S: 76000 | E: 76 | L: 1000 | R: 59.1484 | BS: 76228 | FPS: 1.2194 | T: 17:00:21
| [33mtrain[0m | F: 77000 | S: 77000 | E: 77 | L: 1000 | R: 11.2589 | BS: 77231 | FPS: 1.2197 | T: 17:14:00
| [33mtrain[0m | F: 78000 | S: 78000 | E: 78 | L: 1000 | R: 4.0811 | BS: 78234 | FPS: 1.2199 | T: 17:27:40
| [33mtrain[0m | F: 79000 | S: 79000 | E: 79 | L: 1000 | R: 3.8770 | BS: 79237 | FPS: 1.2192 | T: 17:41:20
| [33mtrain[0m | F: 80000 | S: 80000 | E: 80 | L: 1000 | R: 61.2763 | BS: 80240 | FPS: 1.2191 | T: 17:55:01
| [32meval[0m  | F: 80000 | S: 80000 | E: 80 | L: 1000 | R: 20.9130 | T: 17:55:01
| [33mtrain[0m | F: 81000 | S: 81000 | E: 81 | L: 1000 | R: 60.5854 | BS: 81243 | FPS: 0.9465 | T: 18:12:37
| [33mtrain[0m | F: 82000 | S: 82000 | E: 82 | L: 1000 | R: 3.5823 | BS: 82246 | FPS: 1.2223 | T: 18:26:15
| [33mtrain[0m | F: 83000 | S: 83000 | E: 83 | L: 1000 | R: 24.0792 | BS: 83249 | FPS: 1.2225 | T: 18:39:53
| [33mtrain[0m | F: 84000 | S: 84000 | E: 84 | L: 1000 | R: 4.1857 | BS: 84252 | FPS: 1.2232 | T: 18:53:31
| [33mtrain[0m | F: 85000 | S: 85000 | E: 85 | L: 1000 | R: 23.9219 | BS: 85255 | FPS: 1.2207 | T: 19:07:10
| [33mtrain[0m | F: 86000 | S: 86000 | E: 86 | L: 1000 | R: 24.0469 | BS: 86258 | FPS: 1.2204 | T: 19:20:50
| [33mtrain[0m | F: 87000 | S: 87000 | E: 87 | L: 1000 | R: 4.2795 | BS: 87261 | FPS: 1.2207 | T: 19:34:29
| [33mtrain[0m | F: 88000 | S: 88000 | E: 88 | L: 1000 | R: 56.8780 | BS: 88264 | FPS: 1.2195 | T: 19:48:09
| [33mtrain[0m | F: 89000 | S: 89000 | E: 89 | L: 1000 | R: 3.8116 | BS: 89267 | FPS: 1.2204 | T: 20:01:48
| [33mtrain[0m | F: 90000 | S: 90000 | E: 90 | L: 1000 | R: 4.0728 | BS: 90270 | FPS: 1.2228 | T: 20:15:26
| [32meval[0m  | F: 90000 | S: 90000 | E: 90 | L: 1000 | R: 41.3044 | T: 20:15:26
| [33mtrain[0m | F: 91000 | S: 91000 | E: 91 | L: 1000 | R: 23.6814 | BS: 91273 | FPS: 0.9462 | T: 20:33:03
| [33mtrain[0m | F: 92000 | S: 92000 | E: 92 | L: 1000 | R: 23.9840 | BS: 92276 | FPS: 1.2235 | T: 20:46:40
| [33mtrain[0m | F: 93000 | S: 93000 | E: 93 | L: 1000 | R: 58.0226 | BS: 93279 | FPS: 1.2234 | T: 21:00:17
| [33mtrain[0m | F: 94000 | S: 94000 | E: 94 | L: 1000 | R: 4.9150 | BS: 94282 | FPS: 1.2232 | T: 21:13:55
| [33mtrain[0m | F: 95000 | S: 95000 | E: 95 | L: 1000 | R: 60.2412 | BS: 95285 | FPS: 1.2237 | T: 21:27:32
| [33mtrain[0m | F: 96000 | S: 96000 | E: 96 | L: 1000 | R: 54.7163 | BS: 96288 | FPS: 1.2232 | T: 21:41:10
| [33mtrain[0m | F: 97000 | S: 97000 | E: 97 | L: 1000 | R: 60.8716 | BS: 97291 | FPS: 1.2241 | T: 21:54:47
| [33mtrain[0m | F: 98000 | S: 98000 | E: 98 | L: 1000 | R: 57.6761 | BS: 98294 | FPS: 1.2235 | T: 22:08:24
| [33mtrain[0m | F: 99000 | S: 99000 | E: 99 | L: 1000 | R: 3.9538 | BS: 99297 | FPS: 1.2234 | T: 22:22:01
| [33mtrain[0m | F: 100000 | S: 100000 | E: 100 | L: 1000 | R: 62.6745 | BS: 100300 | FPS: 1.2237 | T: 22:35:39
| [32meval[0m  | F: 100000 | S: 100000 | E: 100 | L: 1000 | R: 31.1579 | T: 22:35:39
| [33mtrain[0m | F: 101000 | S: 101000 | E: 101 | L: 1000 | R: 57.4326 | BS: 101303 | FPS: 0.9474 | T: 22:53:14
| [33mtrain[0m | F: 102000 | S: 102000 | E: 102 | L: 1000 | R: 63.7204 | BS: 102306 | FPS: 1.2223 | T: 23:06:52
| [33mtrain[0m | F: 103000 | S: 103000 | E: 103 | L: 1000 | R: 22.7961 | BS: 103309 | FPS: 1.2226 | T: 23:20:30
| [33mtrain[0m | F: 104000 | S: 104000 | E: 104 | L: 1000 | R: 4.0088 | BS: 104312 | FPS: 1.2228 | T: 23:34:08
| [33mtrain[0m | F: 105000 | S: 105000 | E: 105 | L: 1000 | R: 4.4103 | BS: 105315 | FPS: 1.2218 | T: 23:47:47
| [33mtrain[0m | F: 106000 | S: 106000 | E: 106 | L: 1000 | R: 4.4153 | BS: 106318 | FPS: 1.2228 | T: 1 day, 0:01:24
| [33mtrain[0m | F: 107000 | S: 107000 | E: 107 | L: 1000 | R: 23.6217 | BS: 107321 | FPS: 1.2230 | T: 1 day, 0:15:02
| [33mtrain[0m | F: 108000 | S: 108000 | E: 108 | L: 1000 | R: 9.4807 | BS: 108324 | FPS: 1.2227 | T: 1 day, 0:28:40
| [33mtrain[0m | F: 109000 | S: 109000 | E: 109 | L: 1000 | R: 60.7553 | BS: 109327 | FPS: 1.2226 | T: 1 day, 0:42:18
| [33mtrain[0m | F: 110000 | S: 110000 | E: 110 | L: 1000 | R: 61.0293 | BS: 110330 | FPS: 1.2225 | T: 1 day, 0:55:56
| [32meval[0m  | F: 110000 | S: 110000 | E: 110 | L: 1000 | R: 26.6286 | T: 1 day, 0:55:56
| [33mtrain[0m | F: 111000 | S: 111000 | E: 111 | L: 1000 | R: 4.2616 | BS: 111333 | FPS: 0.9481 | T: 1 day, 1:13:30
| [33mtrain[0m | F: 112000 | S: 112000 | E: 112 | L: 1000 | R: 60.1169 | BS: 112336 | FPS: 1.2237 | T: 1 day, 1:27:08
| [33mtrain[0m | F: 113000 | S: 113000 | E: 113 | L: 1000 | R: 22.7435 | BS: 113339 | FPS: 1.2242 | T: 1 day, 1:40:44
| [33mtrain[0m | F: 114000 | S: 114000 | E: 114 | L: 1000 | R: 22.8790 | BS: 114342 | FPS: 1.2238 | T: 1 day, 1:54:22
| [33mtrain[0m | F: 115000 | S: 115000 | E: 115 | L: 1000 | R: 60.4773 | BS: 115345 | FPS: 1.2239 | T: 1 day, 2:07:59
| [33mtrain[0m | F: 116000 | S: 116000 | E: 116 | L: 1000 | R: 3.7719 | BS: 116348 | FPS: 1.2235 | T: 1 day, 2:21:36
| [33mtrain[0m | F: 117000 | S: 117000 | E: 117 | L: 1000 | R: 61.1863 | BS: 117351 | FPS: 1.2238 | T: 1 day, 2:35:13
| [33mtrain[0m | F: 118000 | S: 118000 | E: 118 | L: 1000 | R: 4.1639 | BS: 118354 | FPS: 1.2242 | T: 1 day, 2:48:50
| [33mtrain[0m | F: 119000 | S: 119000 | E: 119 | L: 1000 | R: 22.6028 | BS: 119357 | FPS: 1.2248 | T: 1 day, 3:02:26
| [33mtrain[0m | F: 120000 | S: 120000 | E: 120 | L: 1000 | R: 3.8851 | BS: 120360 | FPS: 1.2236 | T: 1 day, 3:16:04
| [32meval[0m  | F: 120000 | S: 120000 | E: 120 | L: 1000 | R: 26.0038 | T: 1 day, 3:16:04
| [33mtrain[0m | F: 121000 | S: 121000 | E: 121 | L: 1000 | R: 57.1661 | BS: 121363 | FPS: 0.9473 | T: 1 day, 3:33:39
| [33mtrain[0m | F: 122000 | S: 122000 | E: 122 | L: 1000 | R: 57.5098 | BS: 122366 | FPS: 1.2234 | T: 1 day, 3:47:17
| [33mtrain[0m | F: 123000 | S: 123000 | E: 123 | L: 1000 | R: 23.8893 | BS: 123369 | FPS: 1.2226 | T: 1 day, 4:00:55
| [33mtrain[0m | F: 124000 | S: 124000 | E: 124 | L: 1000 | R: 3.9576 | BS: 124372 | FPS: 1.2233 | T: 1 day, 4:14:32
| [33mtrain[0m | F: 125000 | S: 125000 | E: 125 | L: 1000 | R: 4.1238 | BS: 125375 | FPS: 1.2227 | T: 1 day, 4:28:10
| [33mtrain[0m | F: 126000 | S: 126000 | E: 126 | L: 1000 | R: 57.4567 | BS: 126378 | FPS: 1.2214 | T: 1 day, 4:41:49
| [33mtrain[0m | F: 127000 | S: 127000 | E: 127 | L: 1000 | R: 23.5035 | BS: 127381 | FPS: 1.2212 | T: 1 day, 4:55:28
| [33mtrain[0m | F: 128000 | S: 128000 | E: 128 | L: 1000 | R: 4.2169 | BS: 128384 | FPS: 1.2218 | T: 1 day, 5:09:06
| [33mtrain[0m | F: 129000 | S: 129000 | E: 129 | L: 1000 | R: 3.8242 | BS: 129387 | FPS: 1.2217 | T: 1 day, 5:22:45
| [33mtrain[0m | F: 130000 | S: 130000 | E: 130 | L: 1000 | R: 24.7636 | BS: 130390 | FPS: 1.2217 | T: 1 day, 5:36:23
| [32meval[0m  | F: 130000 | S: 130000 | E: 130 | L: 1000 | R: 30.9825 | T: 1 day, 5:36:23
| [33mtrain[0m | F: 131000 | S: 131000 | E: 131 | L: 1000 | R: 4.1099 | BS: 131393 | FPS: 0.9476 | T: 1 day, 5:53:58
| [33mtrain[0m | F: 132000 | S: 132000 | E: 132 | L: 1000 | R: 61.8597 | BS: 132396 | FPS: 1.2218 | T: 1 day, 6:07:37
| [33mtrain[0m | F: 133000 | S: 133000 | E: 133 | L: 1000 | R: 22.1762 | BS: 133399 | FPS: 1.2216 | T: 1 day, 6:21:15
| [33mtrain[0m | F: 134000 | S: 134000 | E: 134 | L: 1000 | R: 21.5817 | BS: 134402 | FPS: 1.2227 | T: 1 day, 6:34:53
| [33mtrain[0m | F: 135000 | S: 135000 | E: 135 | L: 1000 | R: 60.9471 | BS: 135405 | FPS: 1.2223 | T: 1 day, 6:48:31
| [33mtrain[0m | F: 136000 | S: 136000 | E: 136 | L: 1000 | R: 63.1818 | BS: 136408 | FPS: 1.2217 | T: 1 day, 7:02:10
| [33mtrain[0m | F: 137000 | S: 137000 | E: 137 | L: 1000 | R: 22.1751 | BS: 137411 | FPS: 1.2223 | T: 1 day, 7:15:48
| [33mtrain[0m | F: 138000 | S: 138000 | E: 138 | L: 1000 | R: 4.5628 | BS: 138414 | FPS: 1.2214 | T: 1 day, 7:29:27
| [33mtrain[0m | F: 139000 | S: 139000 | E: 139 | L: 1000 | R: 56.7368 | BS: 139417 | FPS: 1.2209 | T: 1 day, 7:43:06
| [33mtrain[0m | F: 140000 | S: 140000 | E: 140 | L: 1000 | R: 56.4518 | BS: 140420 | FPS: 1.2231 | T: 1 day, 7:56:44
| [32meval[0m  | F: 140000 | S: 140000 | E: 140 | L: 1000 | R: 20.1675 | T: 1 day, 7:56:44
| [33mtrain[0m | F: 141000 | S: 141000 | E: 141 | L: 1000 | R: 5.2378 | BS: 141423 | FPS: 0.9461 | T: 1 day, 8:14:21
| [33mtrain[0m | F: 142000 | S: 142000 | E: 142 | L: 1000 | R: 4.7714 | BS: 142426 | FPS: 1.2194 | T: 1 day, 8:28:01
| [33mtrain[0m | F: 143000 | S: 143000 | E: 143 | L: 1000 | R: 5.3085 | BS: 143429 | FPS: 1.2194 | T: 1 day, 8:41:41
| [33mtrain[0m | F: 144000 | S: 144000 | E: 144 | L: 1000 | R: 4.6800 | BS: 144432 | FPS: 1.2190 | T: 1 day, 8:55:21
| [33mtrain[0m | F: 145000 | S: 145000 | E: 145 | L: 1000 | R: 14.0045 | BS: 145435 | FPS: 1.2202 | T: 1 day, 9:09:01
| [33mtrain[0m | F: 146000 | S: 146000 | E: 146 | L: 1000 | R: 57.7972 | BS: 146438 | FPS: 1.2207 | T: 1 day, 9:22:40
| [33mtrain[0m | F: 147000 | S: 147000 | E: 147 | L: 1000 | R: 55.2277 | BS: 147441 | FPS: 1.2208 | T: 1 day, 9:36:19
| [33mtrain[0m | F: 148000 | S: 148000 | E: 148 | L: 1000 | R: 14.0441 | BS: 148444 | FPS: 1.2213 | T: 1 day, 9:49:58
| [33mtrain[0m | F: 149000 | S: 149000 | E: 149 | L: 1000 | R: 14.5951 | BS: 149447 | FPS: 1.2207 | T: 1 day, 10:03:37
| [33mtrain[0m | F: 150000 | S: 150000 | E: 150 | L: 1000 | R: 16.1616 | BS: 150450 | FPS: 1.2184 | T: 1 day, 10:17:18
| [32meval[0m  | F: 150000 | S: 150000 | E: 150 | L: 1000 | R: 32.8590 | T: 1 day, 10:17:18
| [33mtrain[0m | F: 151000 | S: 151000 | E: 151 | L: 1000 | R: 16.9988 | BS: 151453 | FPS: 0.9439 | T: 1 day, 10:34:57
| [33mtrain[0m | F: 152000 | S: 152000 | E: 152 | L: 1000 | R: 5.0506 | BS: 152456 | FPS: 1.2211 | T: 1 day, 10:48:36
| [33mtrain[0m | F: 153000 | S: 153000 | E: 153 | L: 1000 | R: 65.0189 | BS: 153459 | FPS: 1.2212 | T: 1 day, 11:02:15
| [33mtrain[0m | F: 154000 | S: 154000 | E: 154 | L: 1000 | R: 25.4352 | BS: 154462 | FPS: 1.2201 | T: 1 day, 11:15:55
| [33mtrain[0m | F: 155000 | S: 155000 | E: 155 | L: 1000 | R: 27.3484 | BS: 155465 | FPS: 1.2210 | T: 1 day, 11:29:34
| [33mtrain[0m | F: 156000 | S: 156000 | E: 156 | L: 1000 | R: 22.0457 | BS: 156468 | FPS: 1.2202 | T: 1 day, 11:43:13
| [33mtrain[0m | F: 157000 | S: 157000 | E: 157 | L: 1000 | R: 55.1790 | BS: 157471 | FPS: 1.2198 | T: 1 day, 11:56:53
| [33mtrain[0m | F: 158000 | S: 158000 | E: 158 | L: 1000 | R: 27.3702 | BS: 158474 | FPS: 1.2202 | T: 1 day, 12:10:32
| [33mtrain[0m | F: 159000 | S: 159000 | E: 159 | L: 1000 | R: 6.9799 | BS: 159477 | FPS: 1.2201 | T: 1 day, 12:24:12
| [33mtrain[0m | F: 160000 | S: 160000 | E: 160 | L: 1000 | R: 14.5058 | BS: 160480 | FPS: 1.2212 | T: 1 day, 12:37:51
| [32meval[0m  | F: 160000 | S: 160000 | E: 160 | L: 1000 | R: 18.0084 | T: 1 day, 12:37:51
| [33mtrain[0m | F: 161000 | S: 161000 | E: 161 | L: 1000 | R: 17.6048 | BS: 161483 | FPS: 0.9449 | T: 1 day, 12:55:29
| [33mtrain[0m | F: 162000 | S: 162000 | E: 162 | L: 1000 | R: 6.3534 | BS: 162486 | FPS: 1.2226 | T: 1 day, 13:09:07
| [33mtrain[0m | F: 163000 | S: 163000 | E: 163 | L: 1000 | R: 16.6151 | BS: 163489 | FPS: 1.2223 | T: 1 day, 13:22:45
| [33mtrain[0m | F: 164000 | S: 164000 | E: 164 | L: 1000 | R: 54.9344 | BS: 164492 | FPS: 1.2221 | T: 1 day, 13:36:23
| [33mtrain[0m | F: 165000 | S: 165000 | E: 165 | L: 1000 | R: 16.8084 | BS: 165495 | FPS: 1.2226 | T: 1 day, 13:50:01
| [33mtrain[0m | F: 166000 | S: 166000 | E: 166 | L: 1000 | R: 4.0110 | BS: 166498 | FPS: 1.2213 | T: 1 day, 14:03:40
| [33mtrain[0m | F: 167000 | S: 167000 | E: 167 | L: 1000 | R: 15.9237 | BS: 167501 | FPS: 1.2230 | T: 1 day, 14:17:18
| [33mtrain[0m | F: 168000 | S: 168000 | E: 168 | L: 1000 | R: 4.6172 | BS: 168504 | FPS: 1.2230 | T: 1 day, 14:30:56
| [33mtrain[0m | F: 169000 | S: 169000 | E: 169 | L: 1000 | R: 15.5233 | BS: 169507 | FPS: 1.2229 | T: 1 day, 14:44:33
| [33mtrain[0m | F: 170000 | S: 170000 | E: 170 | L: 1000 | R: 17.0599 | BS: 170510 | FPS: 1.2230 | T: 1 day, 14:58:11
| [32meval[0m  | F: 170000 | S: 170000 | E: 170 | L: 1000 | R: 14.2943 | T: 1 day, 14:58:11
| [33mtrain[0m | F: 171000 | S: 171000 | E: 171 | L: 1000 | R: 11.4666 | BS: 171513 | FPS: 0.9414 | T: 1 day, 15:15:53
| [33mtrain[0m | F: 172000 | S: 172000 | E: 172 | L: 1000 | R: 13.9582 | BS: 172516 | FPS: 1.2210 | T: 1 day, 15:29:32
| [33mtrain[0m | F: 173000 | S: 173000 | E: 173 | L: 1000 | R: 29.5667 | BS: 173519 | FPS: 1.2233 | T: 1 day, 15:43:10
| [33mtrain[0m | F: 174000 | S: 174000 | E: 174 | L: 1000 | R: 28.0547 | BS: 174522 | FPS: 1.2216 | T: 1 day, 15:56:48
| [33mtrain[0m | F: 175000 | S: 175000 | E: 175 | L: 1000 | R: 29.8704 | BS: 175525 | FPS: 1.2218 | T: 1 day, 16:10:27
| [33mtrain[0m | F: 176000 | S: 176000 | E: 176 | L: 1000 | R: 14.0828 | BS: 176528 | FPS: 1.2212 | T: 1 day, 16:24:06
| [33mtrain[0m | F: 177000 | S: 177000 | E: 177 | L: 1000 | R: 14.2245 | BS: 177531 | FPS: 1.2208 | T: 1 day, 16:37:45
| [33mtrain[0m | F: 178000 | S: 178000 | E: 178 | L: 1000 | R: 15.4588 | BS: 178534 | FPS: 1.2212 | T: 1 day, 16:51:24
| [33mtrain[0m | F: 179000 | S: 179000 | E: 179 | L: 1000 | R: 55.6419 | BS: 179537 | FPS: 1.2199 | T: 1 day, 17:05:03
| [33mtrain[0m | F: 180000 | S: 180000 | E: 180 | L: 1000 | R: 3.9263 | BS: 180540 | FPS: 1.2196 | T: 1 day, 17:18:43
| [32meval[0m  | F: 180000 | S: 180000 | E: 180 | L: 1000 | R: 15.9054 | T: 1 day, 17:18:43
| [33mtrain[0m | F: 181000 | S: 181000 | E: 181 | L: 1000 | R: 15.2612 | BS: 181543 | FPS: 0.9432 | T: 1 day, 17:36:23
| [33mtrain[0m | F: 182000 | S: 182000 | E: 182 | L: 1000 | R: 14.4190 | BS: 182546 | FPS: 1.2199 | T: 1 day, 17:50:03
| [33mtrain[0m | F: 183000 | S: 183000 | E: 183 | L: 1000 | R: 5.6504 | BS: 183549 | FPS: 1.2200 | T: 1 day, 18:03:43
| [33mtrain[0m | F: 184000 | S: 184000 | E: 184 | L: 1000 | R: 17.4263 | BS: 184552 | FPS: 1.2194 | T: 1 day, 18:17:23
| [33mtrain[0m | F: 185000 | S: 185000 | E: 185 | L: 1000 | R: 14.1560 | BS: 185555 | FPS: 1.2195 | T: 1 day, 18:31:03
| [33mtrain[0m | F: 186000 | S: 186000 | E: 186 | L: 1000 | R: 6.1321 | BS: 186558 | FPS: 1.2195 | T: 1 day, 18:44:43
| [33mtrain[0m | F: 187000 | S: 187000 | E: 187 | L: 1000 | R: 60.3582 | BS: 187561 | FPS: 1.2196 | T: 1 day, 18:58:23
| [33mtrain[0m | F: 188000 | S: 188000 | E: 188 | L: 1000 | R: 14.1880 | BS: 188564 | FPS: 1.2192 | T: 1 day, 19:12:03
| [33mtrain[0m | F: 189000 | S: 189000 | E: 189 | L: 1000 | R: 14.4304 | BS: 189567 | FPS: 1.2198 | T: 1 day, 19:25:43
| [33mtrain[0m | F: 190000 | S: 190000 | E: 190 | L: 1000 | R: 14.9075 | BS: 190570 | FPS: 1.2192 | T: 1 day, 19:39:23
| [32meval[0m  | F: 190000 | S: 190000 | E: 190 | L: 1000 | R: 33.2183 | T: 1 day, 19:39:23
| [33mtrain[0m | F: 191000 | S: 191000 | E: 191 | L: 1000 | R: 36.7464 | BS: 191573 | FPS: 0.9445 | T: 1 day, 19:57:02
| [33mtrain[0m | F: 192000 | S: 192000 | E: 192 | L: 1000 | R: 72.7989 | BS: 192576 | FPS: 1.2203 | T: 1 day, 20:10:41
| [33mtrain[0m | F: 193000 | S: 193000 | E: 193 | L: 1000 | R: 18.7897 | BS: 193579 | FPS: 1.2196 | T: 1 day, 20:24:21
| [33mtrain[0m | F: 194000 | S: 194000 | E: 194 | L: 1000 | R: 23.4010 | BS: 194582 | FPS: 1.2201 | T: 1 day, 20:38:01
| [33mtrain[0m | F: 195000 | S: 195000 | E: 195 | L: 1000 | R: 29.3638 | BS: 195585 | FPS: 1.2198 | T: 1 day, 20:51:41
| [33mtrain[0m | F: 196000 | S: 196000 | E: 196 | L: 1000 | R: 32.5931 | BS: 196588 | FPS: 1.2188 | T: 1 day, 21:05:21
| [33mtrain[0m | F: 197000 | S: 197000 | E: 197 | L: 1000 | R: 22.4383 | BS: 197591 | FPS: 1.2199 | T: 1 day, 21:19:01
| [33mtrain[0m | F: 198000 | S: 198000 | E: 198 | L: 1000 | R: 14.0708 | BS: 198594 | FPS: 1.2201 | T: 1 day, 21:32:41
| [33mtrain[0m | F: 199000 | S: 199000 | E: 199 | L: 1000 | R: 29.5449 | BS: 199597 | FPS: 1.2192 | T: 1 day, 21:46:21
| [33mtrain[0m | F: 200000 | S: 200000 | E: 200 | L: 1000 | R: 28.2650 | BS: 200600 | FPS: 1.2191 | T: 1 day, 22:00:01
| [32meval[0m  | F: 200000 | S: 200000 | E: 200 | L: 1000 | R: 21.2624 | T: 1 day, 22:00:01
| [33mtrain[0m | F: 201000 | S: 201000 | E: 201 | L: 1000 | R: 13.7847 | BS: 201603 | FPS: 0.9460 | T: 1 day, 22:17:38
| [33mtrain[0m | F: 202000 | S: 202000 | E: 202 | L: 1000 | R: 27.4788 | BS: 202606 | FPS: 1.2173 | T: 1 day, 22:31:20
| [33mtrain[0m | F: 203000 | S: 203000 | E: 203 | L: 1000 | R: 15.4833 | BS: 203609 | FPS: 1.2174 | T: 1 day, 22:45:01
| [33mtrain[0m | F: 204000 | S: 204000 | E: 204 | L: 1000 | R: 23.4362 | BS: 204612 | FPS: 1.2174 | T: 1 day, 22:58:42
| [33mtrain[0m | F: 205000 | S: 205000 | E: 205 | L: 1000 | R: 14.6126 | BS: 205615 | FPS: 1.2171 | T: 1 day, 23:12:24
| [33mtrain[0m | F: 206000 | S: 206000 | E: 206 | L: 1000 | R: 32.8250 | BS: 206618 | FPS: 1.2173 | T: 1 day, 23:26:06
| [33mtrain[0m | F: 207000 | S: 207000 | E: 207 | L: 1000 | R: 14.0692 | BS: 207621 | FPS: 1.2175 | T: 1 day, 23:39:47
